{
"contracts/FundMe.sol":{"l":{"33":3,"34":3,"35":3,"36":3,"40":11,"41":10,"42":9,"47":16,"54":16,"58":16,"59":16,"63":0,"67":2,"76":1,"77":1,"78":1,"79":1,"80":1,"81":1,"83":1,"87":3,"88":2,"89":1,"90":1,"91":1,"92":1,"93":1,"94":1,"98":0,"99":0,"103":0,"107":8,"108":6,"112":3,"113":2},"path":"/Users/linzhang/projects/web3/web3_tutorial/contracts/FundMe.sol","s":{"1":11,"2":10,"3":16,"4":16,"5":16,"6":16,"7":2,"8":1,"9":1,"10":1,"11":1,"12":3,"13":2,"14":1,"15":1,"16":1,"17":1,"18":0,"19":8,"20":3},"b":{"1":[10,1],"2":[9,1],"3":[0,0],"4":[3,1],"5":[2,1],"6":[1,1],"7":[1,0],"8":[3,1],"9":[2,1],"10":[1,1],"11":[1,0],"12":[0,0],"13":[0,0],"14":[6,2],"15":[2,1]},"f":{"1":3,"2":11,"3":16,"4":16,"5":0,"6":2,"7":3,"8":0,"9":0,"10":8,"11":3},"fnMap":{"1":{"name":"constructor","line":31,"loc":{"start":{"line":31,"column":4},"end":{"line":37,"column":4}}},"2":{"name":"fund","line":39,"loc":{"start":{"line":39,"column":4},"end":{"line":43,"column":4}}},"3":{"name":"getChainlinkDataFeedLatestAnswer","line":45,"loc":{"start":{"line":45,"column":4},"end":{"line":55,"column":4}}},"4":{"name":"convertEthToUsd","line":57,"loc":{"start":{"line":57,"column":4},"end":{"line":60,"column":4}}},"5":{"name":"transferOwnership","line":62,"loc":{"start":{"line":62,"column":4},"end":{"line":64,"column":4}}},"6":{"name":"getFund","line":66,"loc":{"start":{"line":66,"column":4},"end":{"line":84,"column":4}}},"7":{"name":"refund","line":86,"loc":{"start":{"line":86,"column":4},"end":{"line":95,"column":4}}},"8":{"name":"setFunderToAmount","line":97,"loc":{"start":{"line":97,"column":4},"end":{"line":100,"column":4}}},"9":{"name":"setErc20Addr","line":102,"loc":{"start":{"line":102,"column":4},"end":{"line":104,"column":4}}},"10":{"name":"windowClosed","line":106,"loc":{"start":{"line":106,"column":4},"end":{"line":109,"column":4}}},"11":{"name":"onlyOwner","line":111,"loc":{"start":{"line":111,"column":4},"end":{"line":114,"column":4}}}},"statementMap":{"1":{"start":{"line":40,"column":8},"end":{"line":40,"column":76}},"2":{"start":{"line":41,"column":8},"end":{"line":41,"column":84}},"3":{"start":{"line":47,"column":8},"end":{"line":47,"column":1389}},"4":{"start":{"line":54,"column":8},"end":{"line":54,"column":21}},"5":{"start":{"line":58,"column":8},"end":{"line":58,"column":70}},"6":{"start":{"line":59,"column":8},"end":{"line":59,"column":47}},"7":{"start":{"line":67,"column":8},"end":{"line":67,"column":89}},"8":{"start":{"line":76,"column":8},"end":{"line":76,"column":20}},"9":{"start":{"line":77,"column":8},"end":{"line":77,"column":47}},"10":{"start":{"line":79,"column":8},"end":{"line":79,"column":45}},"11":{"start":{"line":83,"column":8},"end":{"line":83,"column":41}},"12":{"start":{"line":87,"column":8},"end":{"line":87,"column":84}},"13":{"start":{"line":88,"column":8},"end":{"line":88,"column":76}},"14":{"start":{"line":89,"column":8},"end":{"line":89,"column":20}},"15":{"start":{"line":90,"column":8},"end":{"line":90,"column":53}},"16":{"start":{"line":92,"column":8},"end":{"line":92,"column":45}},"17":{"start":{"line":94,"column":8},"end":{"line":94,"column":48}},"18":{"start":{"line":98,"column":8},"end":{"line":98,"column":90}},"19":{"start":{"line":107,"column":8},"end":{"line":107,"column":89}},"20":{"start":{"line":112,"column":8},"end":{"line":112,"column":80}}},"branchMap":{"1":{"line":40,"type":"if","locations":[{"start":{"line":40,"column":8},"end":{"line":40,"column":8}},{"start":{"line":40,"column":8},"end":{"line":40,"column":8}}]},"2":{"line":41,"type":"if","locations":[{"start":{"line":41,"column":8},"end":{"line":41,"column":8}},{"start":{"line":41,"column":8},"end":{"line":41,"column":8}}]},"3":{"line":62,"type":"if","locations":[{"start":{"line":62,"column":56},"end":{"line":62,"column":56}},{"start":{"line":62,"column":56},"end":{"line":62,"column":56}}]},"4":{"line":66,"type":"if","locations":[{"start":{"line":66,"column":32},"end":{"line":66,"column":32}},{"start":{"line":66,"column":32},"end":{"line":66,"column":32}}]},"5":{"line":66,"type":"if","locations":[{"start":{"line":66,"column":45},"end":{"line":66,"column":45}},{"start":{"line":66,"column":45},"end":{"line":66,"column":45}}]},"6":{"line":67,"type":"if","locations":[{"start":{"line":67,"column":8},"end":{"line":67,"column":8}},{"start":{"line":67,"column":8},"end":{"line":67,"column":8}}]},"7":{"line":79,"type":"if","locations":[{"start":{"line":79,"column":8},"end":{"line":79,"column":8}},{"start":{"line":79,"column":8},"end":{"line":79,"column":8}}]},"8":{"line":86,"type":"if","locations":[{"start":{"line":86,"column":31},"end":{"line":86,"column":31}},{"start":{"line":86,"column":31},"end":{"line":86,"column":31}}]},"9":{"line":87,"type":"if","locations":[{"start":{"line":87,"column":8},"end":{"line":87,"column":8}},{"start":{"line":87,"column":8},"end":{"line":87,"column":8}}]},"10":{"line":88,"type":"if","locations":[{"start":{"line":88,"column":8},"end":{"line":88,"column":8}},{"start":{"line":88,"column":8},"end":{"line":88,"column":8}}]},"11":{"line":92,"type":"if","locations":[{"start":{"line":92,"column":8},"end":{"line":92,"column":8}},{"start":{"line":92,"column":8},"end":{"line":92,"column":8}}]},"12":{"line":98,"type":"if","locations":[{"start":{"line":98,"column":8},"end":{"line":98,"column":8}},{"start":{"line":98,"column":8},"end":{"line":98,"column":8}}]},"13":{"line":102,"type":"if","locations":[{"start":{"line":102,"column":53},"end":{"line":102,"column":53}},{"start":{"line":102,"column":53},"end":{"line":102,"column":53}}]},"14":{"line":107,"type":"if","locations":[{"start":{"line":107,"column":8},"end":{"line":107,"column":8}},{"start":{"line":107,"column":8},"end":{"line":107,"column":8}}]},"15":{"line":112,"type":"if","locations":[{"start":{"line":112,"column":8},"end":{"line":112,"column":8}},{"start":{"line":112,"column":8},"end":{"line":112,"column":8}}]}}},
"contracts/Lock.sol":{"l":{"14":0,"19":0,"20":0,"27":0,"28":0,"30":0,"32":0},"path":"/Users/linzhang/projects/web3/web3_tutorial/contracts/Lock.sol","s":{"1":0,"2":0,"3":0,"4":0,"5":0},"b":{"1":[0,0],"2":[0,0],"3":[0,0]},"f":{"1":0,"2":0},"fnMap":{"1":{"name":"constructor","line":13,"loc":{"start":{"line":13,"column":4},"end":{"line":21,"column":4}}},"2":{"name":"withdraw","line":23,"loc":{"start":{"line":23,"column":4},"end":{"line":33,"column":4}}}},"statementMap":{"1":{"start":{"line":14,"column":8},"end":{"line":14,"column":328}},"2":{"start":{"line":27,"column":8},"end":{"line":27,"column":71}},"3":{"start":{"line":28,"column":8},"end":{"line":28,"column":59}},"4":{"start":{"line":30,"column":8},"end":{"line":30,"column":63}},"5":{"start":{"line":32,"column":8},"end":{"line":32,"column":44}}},"branchMap":{"1":{"line":14,"type":"if","locations":[{"start":{"line":14,"column":8},"end":{"line":14,"column":8}},{"start":{"line":14,"column":8},"end":{"line":14,"column":8}}]},"2":{"line":27,"type":"if","locations":[{"start":{"line":27,"column":8},"end":{"line":27,"column":8}},{"start":{"line":27,"column":8},"end":{"line":27,"column":8}}]},"3":{"line":28,"type":"if","locations":[{"start":{"line":28,"column":8},"end":{"line":28,"column":8}},{"start":{"line":28,"column":8},"end":{"line":28,"column":8}}]}}},
"contracts/mocks/MockV3Aggregator.sol":{"l":{},"path":"/Users/linzhang/projects/web3/web3_tutorial/contracts/mocks/MockV3Aggregator.sol","s":{},"b":{},"f":{},"fnMap":{},"statementMap":{},"branchMap":{}}}
