TN:
SF:/Users/linzhang/projects/web3/web3_tutorial/contracts/FundMe.sol
FN:31,constructor
FN:39,fund
FN:45,getChainlinkDataFeedLatestAnswer
FN:57,convertEthToUsd
FN:62,transferOwnership
FN:66,getFund
FN:86,refund
FN:97,setFunderToAmount
FN:102,setErc20Addr
FN:106,windowClosed
FN:111,onlyOwner
FNF:11
FNH:8
FNDA:3,constructor
FNDA:11,fund
FNDA:16,getChainlinkDataFeedLatestAnswer
FNDA:16,convertEthToUsd
FNDA:0,transferOwnership
FNDA:2,getFund
FNDA:3,refund
FNDA:0,setFunderToAmount
FNDA:0,setErc20Addr
FNDA:8,windowClosed
FNDA:3,onlyOwner
DA:33,3
DA:34,3
DA:35,3
DA:36,3
DA:40,11
DA:41,10
DA:42,9
DA:47,16
DA:54,16
DA:58,16
DA:59,16
DA:63,0
DA:67,2
DA:76,1
DA:77,1
DA:78,1
DA:79,1
DA:80,1
DA:81,1
DA:83,1
DA:87,3
DA:88,2
DA:89,1
DA:90,1
DA:91,1
DA:92,1
DA:93,1
DA:94,1
DA:98,0
DA:99,0
DA:103,0
DA:107,8
DA:108,6
DA:112,3
DA:113,2
LF:35
LH:31
BRDA:40,1,0,10
BRDA:40,1,1,1
BRDA:41,2,0,9
BRDA:41,2,1,1
BRDA:62,3,0,0
BRDA:62,3,1,0
BRDA:66,4,0,3
BRDA:66,4,1,1
BRDA:66,5,0,2
BRDA:66,5,1,1
BRDA:67,6,0,1
BRDA:67,6,1,1
BRDA:79,7,0,1
BRDA:79,7,1,0
BRDA:86,8,0,3
BRDA:86,8,1,1
BRDA:87,9,0,2
BRDA:87,9,1,1
BRDA:88,10,0,1
BRDA:88,10,1,1
BRDA:92,11,0,1
BRDA:92,11,1,0
BRDA:98,12,0,0
BRDA:98,12,1,0
BRDA:102,13,0,0
BRDA:102,13,1,0
BRDA:107,14,0,6
BRDA:107,14,1,2
BRDA:112,15,0,2
BRDA:112,15,1,1
BRF:30
BRH:22
end_of_record
TN:
SF:/Users/linzhang/projects/web3/web3_tutorial/contracts/Lock.sol
FN:13,constructor
FN:23,withdraw
FNF:2
FNH:0
FNDA:0,constructor
FNDA:0,withdraw
DA:14,0
DA:19,0
DA:20,0
DA:27,0
DA:28,0
DA:30,0
DA:32,0
LF:7
LH:0
BRDA:14,1,0,0
BRDA:14,1,1,0
BRDA:27,2,0,0
BRDA:27,2,1,0
BRDA:28,3,0,0
BRDA:28,3,1,0
BRF:6
BRH:0
end_of_record
TN:
SF:/Users/linzhang/projects/web3/web3_tutorial/contracts/mocks/MockV3Aggregator.sol
FNF:0
FNH:0
LF:0
LH:0
BRF:0
BRH:0
end_of_record
